<?xml version="1.0" encoding="UTF-8"?>
<testng-results ignored="0" total="1" passed="1" failed="0" skipped="0">
  <reporter-output>
  </reporter-output>
  <suite started-at="2022-02-02T17:52:18 IST" name="Default suite" finished-at="2022-02-02T17:52:28 IST" duration-ms="9608">
    <groups>
    </groups>
    <test started-at="2022-02-02T17:52:18 IST" name="Default test" finished-at="2022-02-02T17:52:28 IST" duration-ms="9608">
      <class name="ExtendReports.ExtendReportDemo">
        <test-method is-config="true" signature="config()[pri:0, instance:ExtendReports.ExtendReportDemo@515aebb0]" started-at="2022-02-02T17:52:18 IST" name="config" finished-at="2022-02-02T17:52:19 IST" duration-ms="358" status="PASS">
          <reporter-output>
          </reporter-output>
        </test-method> <!-- config -->
        <test-method signature="initialDemo()[pri:0, instance:ExtendReports.ExtendReportDemo@515aebb0]" started-at="2022-02-02T17:52:19 IST" name="initialDemo" finished-at="2022-02-02T17:52:28 IST" duration-ms="9219" status="PASS">
          <reporter-output>
          </reporter-output>
        </test-method> <!-- initialDemo -->
      </class> <!-- ExtendReports.ExtendReportDemo -->
    </test> <!-- Default test -->
  </suite> <!-- Default suite -->
</testng-results>
